2025.10.15 18:21 B C:\xampp\htdocs\PROYECTO\KFC\img\about.jpg --> www.cepea8.net.pe /public_html/huaman/KFC/img about.jpg
2025.10.15 18:21 B C:\xampp\htdocs\PROYECTO\KFC\img\b1.jpg --> www.cepea8.net.pe /public_html/huaman/KFC/img b1.jpg
2025.10.15 18:21 B C:\xampp\htdocs\PROYECTO\KFC\img\b2.jpg --> www.cepea8.net.pe /public_html/huaman/KFC/img b2.jpg
2025.10.15 18:21 B C:\xampp\htdocs\PROYECTO\KFC\img\b3.jpg --> www.cepea8.net.pe /public_html/huaman/KFC/img b3.jpg
2025.10.15 18:21 B C:\xampp\htdocs\PROYECTO\KFC\img\b4.jpg --> www.cepea8.net.pe /public_html/huaman/KFC/img b4.jpg
2025.10.15 18:21 B C:\xampp\htdocs\PROYECTO\KFC\img\b5.jpg --> www.cepea8.net.pe /public_html/huaman/KFC/img b5.jpg
2025.10.15 18:21 B C:\xampp\htdocs\PROYECTO\KFC\img\b6.jpg --> www.cepea8.net.pe /public_html/huaman/KFC/img b6.jpg
2025.10.15 18:21 B C:\xampp\htdocs\PROYECTO\KFC\img\bg.jpg --> www.cepea8.net.pe /public_html/huaman/KFC/img bg.jpg
2025.10.15 18:21 B C:\xampp\htdocs\PROYECTO\KFC\img\cake-1.jpg --> www.cepea8.net.pe /public_html/huaman/KFC/img cake-1.jpg
2025.10.15 18:21 B C:\xampp\htdocs\PROYECTO\KFC\img\cake-2.jpg --> www.cepea8.net.pe /public_html/huaman/KFC/img cake-2.jpg
2025.10.15 18:21 B C:\xampp\htdocs\PROYECTO\KFC\img\cake-3.jpg --> www.cepea8.net.pe /public_html/huaman/KFC/img cake-3.jpg
2025.10.15 18:21 B C:\xampp\htdocs\PROYECTO\KFC\img\deli.jpg --> www.cepea8.net.pe /public_html/huaman/KFC/img deli.jpg
2025.10.15 18:21 B C:\xampp\htdocs\PROYECTO\KFC\img\delivery.jpg --> www.cepea8.net.pe /public_html/huaman/KFC/img delivery.jpg
2025.10.15 18:21 B C:\xampp\htdocs\PROYECTO\KFC\img\descuento.jpg --> www.cepea8.net.pe /public_html/huaman/KFC/img descuento.jpg
2025.10.15 18:21 B C:\xampp\htdocs\PROYECTO\KFC\img\favicon.jpg --> www.cepea8.net.pe /public_html/huaman/KFC/img favicon.jpg
2025.10.15 18:21 B C:\xampp\htdocs\PROYECTO\KFC\img\galleta.jpg --> www.cepea8.net.pe /public_html/huaman/KFC/img galleta.jpg
2025.10.15 18:21 B C:\xampp\htdocs\PROYECTO\KFC\img\hero.jpg --> www.cepea8.net.pe /public_html/huaman/KFC/img hero.jpg
2025.10.15 18:21 B C:\xampp\htdocs\PROYECTO\KFC\img\icono1.jpg --> www.cepea8.net.pe /public_html/huaman/KFC/img icono1.jpg
2025.10.15 18:21 B C:\xampp\htdocs\PROYECTO\KFC\img\kfc.jpg --> www.cepea8.net.pe /public_html/huaman/KFC/img kfc.jpg
2025.10.15 18:21 B C:\xampp\htdocs\PROYECTO\KFC\img\le.jpg --> www.cepea8.net.pe /public_html/huaman/KFC/img le.jpg
2025.10.15 18:21 B C:\xampp\htdocs\PROYECTO\KFC\img\leche.jpg --> www.cepea8.net.pe /public_html/huaman/KFC/img leche.jpg
2025.10.15 18:21 B C:\xampp\htdocs\PROYECTO\KFC\img\lu.jpg --> www.cepea8.net.pe /public_html/huaman/KFC/img lu.jpg
2025.10.15 18:21 B C:\xampp\htdocs\PROYECTO\KFC\img\offer.jpg --> www.cepea8.net.pe /public_html/huaman/KFC/img offer.jpg
2025.10.15 18:21 B C:\xampp\htdocs\PROYECTO\KFC\img\p1.jpg --> www.cepea8.net.pe /public_html/huaman/KFC/img p1.jpg
2025.10.15 18:21 B C:\xampp\htdocs\PROYECTO\KFC\img\p2.jpg --> www.cepea8.net.pe /public_html/huaman/KFC/img p2.jpg
2025.10.15 18:21 B C:\xampp\htdocs\PROYECTO\KFC\img\p3.jpg --> www.cepea8.net.pe /public_html/huaman/KFC/img p3.jpg
2025.10.15 18:21 B C:\xampp\htdocs\PROYECTO\KFC\img\p4.jpg --> www.cepea8.net.pe /public_html/huaman/KFC/img p4.jpg
2025.10.15 18:21 B C:\xampp\htdocs\PROYECTO\KFC\img\p5.jpg --> www.cepea8.net.pe /public_html/huaman/KFC/img p5.jpg
2025.10.15 18:21 B C:\xampp\htdocs\PROYECTO\KFC\img\p6.jpg --> www.cepea8.net.pe /public_html/huaman/KFC/img p6.jpg
2025.10.15 18:21 B C:\xampp\htdocs\PROYECTO\KFC\img\pie.jpg --> www.cepea8.net.pe /public_html/huaman/KFC/img pie.jpg
2025.10.15 18:21 B C:\xampp\htdocs\PROYECTO\KFC\img\promo.jpeg --> www.cepea8.net.pe /public_html/huaman/KFC/img promo.jpeg
2025.10.15 18:21 B C:\xampp\htdocs\PROYECTO\KFC\img\promo.jpg --> www.cepea8.net.pe /public_html/huaman/KFC/img promo.jpg
2025.10.15 18:21 B C:\xampp\htdocs\PROYECTO\KFC\img\promo1.jpg --> www.cepea8.net.pe /public_html/huaman/KFC/img promo1.jpg
2025.10.15 18:21 B C:\xampp\htdocs\PROYECTO\KFC\img\promo3.jpg --> www.cepea8.net.pe /public_html/huaman/KFC/img promo3.jpg
2025.10.15 18:22 B C:\xampp\htdocs\PROYECTO\KFC\img\service.jpg --> www.cepea8.net.pe /public_html/huaman/KFC/img service.jpg
2025.10.15 18:22 B C:\xampp\htdocs\PROYECTO\KFC\img\team-1.jpg --> www.cepea8.net.pe /public_html/huaman/KFC/img team-1.jpg
2025.10.15 18:22 B C:\xampp\htdocs\PROYECTO\KFC\img\team-2.jpg --> www.cepea8.net.pe /public_html/huaman/KFC/img team-2.jpg
2025.10.15 18:22 B C:\xampp\htdocs\PROYECTO\KFC\img\team-3.jpg --> www.cepea8.net.pe /public_html/huaman/KFC/img team-3.jpg
2025.10.15 18:22 B C:\xampp\htdocs\PROYECTO\KFC\img\testimonial-1.jpg --> www.cepea8.net.pe /public_html/huaman/KFC/img testimonial-1.jpg
2025.10.15 18:22 B C:\xampp\htdocs\PROYECTO\KFC\img\testimonial-2.jpg --> www.cepea8.net.pe /public_html/huaman/KFC/img testimonial-2.jpg
2025.10.15 18:22 B C:\xampp\htdocs\PROYECTO\KFC\img\testimonial-3.jpg --> www.cepea8.net.pe /public_html/huaman/KFC/img testimonial-3.jpg
2025.10.15 18:22 B C:\xampp\htdocs\PROYECTO\KFC\img\testimonial-4.jpg --> www.cepea8.net.pe /public_html/huaman/KFC/img testimonial-4.jpg
2025.10.15 18:22 B C:\xampp\htdocs\PROYECTO\KFC\img\torta.jpg --> www.cepea8.net.pe /public_html/huaman/KFC/img torta.jpg
2025.10.15 18:22 B C:\xampp\htdocs\PROYECTO\KFC\img\yape.jpg --> www.cepea8.net.pe /public_html/huaman/KFC/img yape.jpg
2025.11.07 10:20 B C:\xampp\htdocs\PROYECTO\DELIVERY\img\a1.jpg --> www.cepea8.net.pe /public_html/huaman/DELIVERY/img a1.jpg
2025.11.07 10:20 B C:\xampp\htdocs\PROYECTO\DELIVERY\img\a10.jpg --> www.cepea8.net.pe /public_html/huaman/DELIVERY/img a10.jpg
2025.11.07 10:20 B C:\xampp\htdocs\PROYECTO\DELIVERY\img\a11.jpg --> www.cepea8.net.pe /public_html/huaman/DELIVERY/img a11.jpg
2025.11.07 10:20 B C:\xampp\htdocs\PROYECTO\DELIVERY\img\a12.jpg --> www.cepea8.net.pe /public_html/huaman/DELIVERY/img a12.jpg
2025.11.07 10:20 B C:\xampp\htdocs\PROYECTO\DELIVERY\img\a13.jpg --> www.cepea8.net.pe /public_html/huaman/DELIVERY/img a13.jpg
2025.11.07 10:20 B C:\xampp\htdocs\PROYECTO\DELIVERY\img\a2.jpg --> www.cepea8.net.pe /public_html/huaman/DELIVERY/img a2.jpg
2025.11.07 10:20 B C:\xampp\htdocs\PROYECTO\DELIVERY\img\a3.jpg --> www.cepea8.net.pe /public_html/huaman/DELIVERY/img a3.jpg
2025.11.07 10:20 B C:\xampp\htdocs\PROYECTO\DELIVERY\img\a4.jpg --> www.cepea8.net.pe /public_html/huaman/DELIVERY/img a4.jpg
2025.11.07 10:20 B C:\xampp\htdocs\PROYECTO\DELIVERY\img\a5.jpg --> www.cepea8.net.pe /public_html/huaman/DELIVERY/img a5.jpg
2025.11.07 10:20 B C:\xampp\htdocs\PROYECTO\DELIVERY\img\a6.jpg --> www.cepea8.net.pe /public_html/huaman/DELIVERY/img a6.jpg
2025.11.07 10:20 B C:\xampp\htdocs\PROYECTO\DELIVERY\img\a7.jpg --> www.cepea8.net.pe /public_html/huaman/DELIVERY/img a7.jpg
2025.11.07 10:20 B C:\xampp\htdocs\PROYECTO\DELIVERY\img\a8.jpg --> www.cepea8.net.pe /public_html/huaman/DELIVERY/img a8.jpg
2025.11.07 10:20 B C:\xampp\htdocs\PROYECTO\DELIVERY\img\a9.jpg --> www.cepea8.net.pe /public_html/huaman/DELIVERY/img a9.jpg
2025.11.07 10:21 B C:\xampp\htdocs\PROYECTO\DELIVERY\img\about.jpg --> www.cepea8.net.pe /public_html/huaman/DELIVERY/img about.jpg
2025.11.07 10:21 B C:\xampp\htdocs\PROYECTO\DELIVERY\img\b1.jpg --> www.cepea8.net.pe /public_html/huaman/DELIVERY/img b1.jpg
2025.11.07 10:21 B C:\xampp\htdocs\PROYECTO\DELIVERY\img\b2.jpg --> www.cepea8.net.pe /public_html/huaman/DELIVERY/img b2.jpg
2025.11.07 10:21 B C:\xampp\htdocs\PROYECTO\DELIVERY\img\b3.jpg --> www.cepea8.net.pe /public_html/huaman/DELIVERY/img b3.jpg
2025.11.07 10:21 B C:\xampp\htdocs\PROYECTO\DELIVERY\img\b4.jpg --> www.cepea8.net.pe /public_html/huaman/DELIVERY/img b4.jpg
2025.11.07 10:21 B C:\xampp\htdocs\PROYECTO\DELIVERY\img\b5.jpg --> www.cepea8.net.pe /public_html/huaman/DELIVERY/img b5.jpg
2025.11.07 10:21 B C:\xampp\htdocs\PROYECTO\DELIVERY\img\b6.jpg --> www.cepea8.net.pe /public_html/huaman/DELIVERY/img b6.jpg
2025.11.07 10:21 B C:\xampp\htdocs\PROYECTO\DELIVERY\img\bg.jpg --> www.cepea8.net.pe /public_html/huaman/DELIVERY/img bg.jpg
2025.11.07 10:21 B C:\xampp\htdocs\PROYECTO\DELIVERY\img\cake-1.jpg --> www.cepea8.net.pe /public_html/huaman/DELIVERY/img cake-1.jpg
2025.11.07 10:21 B C:\xampp\htdocs\PROYECTO\DELIVERY\img\cake-2.jpg --> www.cepea8.net.pe /public_html/huaman/DELIVERY/img cake-2.jpg
2025.11.07 10:21 B C:\xampp\htdocs\PROYECTO\DELIVERY\img\cake-3.jpg --> www.cepea8.net.pe /public_html/huaman/DELIVERY/img cake-3.jpg
2025.11.07 10:21 B C:\xampp\htdocs\PROYECTO\DELIVERY\img\carro.jpg --> www.cepea8.net.pe /public_html/huaman/DELIVERY/img carro.jpg
2025.11.07 10:21 B C:\xampp\htdocs\PROYECTO\DELIVERY\img\contactanos.jpg --> www.cepea8.net.pe /public_html/huaman/DELIVERY/img contactanos.jpg
2025.11.07 10:21 B C:\xampp\htdocs\PROYECTO\DELIVERY\img\deli.jpg --> www.cepea8.net.pe /public_html/huaman/DELIVERY/img deli.jpg
2025.11.07 10:21 B C:\xampp\htdocs\PROYECTO\DELIVERY\img\delii.gif --> www.cepea8.net.pe /public_html/huaman/DELIVERY/img delii.gif
2025.11.07 10:21 B C:\xampp\htdocs\PROYECTO\DELIVERY\img\delivery.jpg --> www.cepea8.net.pe /public_html/huaman/DELIVERY/img delivery.jpg
2025.11.07 10:21 B C:\xampp\htdocs\PROYECTO\DELIVERY\img\descuento.jpg --> www.cepea8.net.pe /public_html/huaman/DELIVERY/img descuento.jpg
2025.11.07 10:21 B C:\xampp\htdocs\PROYECTO\DELIVERY\img\favicon.jpg --> www.cepea8.net.pe /public_html/huaman/DELIVERY/img favicon.jpg
2025.11.07 10:21 B C:\xampp\htdocs\PROYECTO\DELIVERY\img\galleta.jpg --> www.cepea8.net.pe /public_html/huaman/DELIVERY/img galleta.jpg
2025.11.07 10:21 B C:\xampp\htdocs\PROYECTO\DELIVERY\img\hero.jpg --> www.cepea8.net.pe /public_html/huaman/DELIVERY/img hero.jpg
2025.11.07 10:21 B C:\xampp\htdocs\PROYECTO\DELIVERY\img\icono1.jpg --> www.cepea8.net.pe /public_html/huaman/DELIVERY/img icono1.jpg
2025.11.07 10:21 B C:\xampp\htdocs\PROYECTO\DELIVERY\img\kfc.jpg --> www.cepea8.net.pe /public_html/huaman/DELIVERY/img kfc.jpg
2025.11.07 10:21 B C:\xampp\htdocs\PROYECTO\DELIVERY\img\le.jpg --> www.cepea8.net.pe /public_html/huaman/DELIVERY/img le.jpg
2025.11.07 10:21 B C:\xampp\htdocs\PROYECTO\DELIVERY\img\leche.jpg --> www.cepea8.net.pe /public_html/huaman/DELIVERY/img leche.jpg
2025.11.07 10:21 B C:\xampp\htdocs\PROYECTO\DELIVERY\img\lu.jpg --> www.cepea8.net.pe /public_html/huaman/DELIVERY/img lu.jpg
2025.11.07 10:21 B C:\xampp\htdocs\PROYECTO\DELIVERY\img\offer.jpg --> www.cepea8.net.pe /public_html/huaman/DELIVERY/img offer.jpg
2025.11.07 10:21 B C:\xampp\htdocs\PROYECTO\DELIVERY\img\p1.jpg --> www.cepea8.net.pe /public_html/huaman/DELIVERY/img p1.jpg
2025.11.07 10:21 B C:\xampp\htdocs\PROYECTO\DELIVERY\img\p2.jpg --> www.cepea8.net.pe /public_html/huaman/DELIVERY/img p2.jpg
2025.11.07 10:21 B C:\xampp\htdocs\PROYECTO\DELIVERY\img\p3.jpg --> www.cepea8.net.pe /public_html/huaman/DELIVERY/img p3.jpg
2025.11.07 10:21 B C:\xampp\htdocs\PROYECTO\DELIVERY\img\p4.jpg --> www.cepea8.net.pe /public_html/huaman/DELIVERY/img p4.jpg
2025.11.07 10:21 B C:\xampp\htdocs\PROYECTO\DELIVERY\img\p5.jpg --> www.cepea8.net.pe /public_html/huaman/DELIVERY/img p5.jpg
2025.11.07 10:21 B C:\xampp\htdocs\PROYECTO\DELIVERY\img\p6.jpg --> www.cepea8.net.pe /public_html/huaman/DELIVERY/img p6.jpg
2025.11.07 10:22 B C:\xampp\htdocs\PROYECTO\DELIVERY\img\pie.jpg --> www.cepea8.net.pe /public_html/huaman/DELIVERY/img pie.jpg
2025.11.07 10:22 B C:\xampp\htdocs\PROYECTO\DELIVERY\img\promo.jpeg --> www.cepea8.net.pe /public_html/huaman/DELIVERY/img promo.jpeg
2025.11.07 10:22 B C:\xampp\htdocs\PROYECTO\DELIVERY\img\promo.jpg --> www.cepea8.net.pe /public_html/huaman/DELIVERY/img promo.jpg
2025.11.07 10:22 B C:\xampp\htdocs\PROYECTO\DELIVERY\img\promo1.jpg --> www.cepea8.net.pe /public_html/huaman/DELIVERY/img promo1.jpg
2025.11.07 10:22 B C:\xampp\htdocs\PROYECTO\DELIVERY\img\promo3.jpg --> www.cepea8.net.pe /public_html/huaman/DELIVERY/img promo3.jpg
2025.11.07 10:22 B C:\xampp\htdocs\PROYECTO\DELIVERY\img\service.jpg --> www.cepea8.net.pe /public_html/huaman/DELIVERY/img service.jpg
2025.11.07 10:22 B C:\xampp\htdocs\PROYECTO\DELIVERY\img\team-1.jpg --> www.cepea8.net.pe /public_html/huaman/DELIVERY/img team-1.jpg
2025.11.07 10:22 B C:\xampp\htdocs\PROYECTO\DELIVERY\img\team-2.jpg --> www.cepea8.net.pe /public_html/huaman/DELIVERY/img team-2.jpg
2025.11.07 10:22 B C:\xampp\htdocs\PROYECTO\DELIVERY\img\team-3.jpg --> www.cepea8.net.pe /public_html/huaman/DELIVERY/img team-3.jpg
2025.11.07 10:22 B C:\xampp\htdocs\PROYECTO\DELIVERY\img\testimonial-1.jpg --> www.cepea8.net.pe /public_html/huaman/DELIVERY/img testimonial-1.jpg
2025.11.07 10:22 B C:\xampp\htdocs\PROYECTO\DELIVERY\img\testimonial-2.jpg --> www.cepea8.net.pe /public_html/huaman/DELIVERY/img testimonial-2.jpg
2025.11.07 10:22 B C:\xampp\htdocs\PROYECTO\DELIVERY\img\testimonial-3.jpg --> www.cepea8.net.pe /public_html/huaman/DELIVERY/img testimonial-3.jpg
2025.11.07 10:22 B C:\xampp\htdocs\PROYECTO\DELIVERY\img\testimonial-4.jpg --> www.cepea8.net.pe /public_html/huaman/DELIVERY/img testimonial-4.jpg
2025.11.07 10:22 B C:\xampp\htdocs\PROYECTO\DELIVERY\img\torta.jpg --> www.cepea8.net.pe /public_html/huaman/DELIVERY/img torta.jpg
2025.11.07 10:22 B C:\xampp\htdocs\PROYECTO\DELIVERY\img\WS_FTP.LOG --> www.cepea8.net.pe /public_html/huaman/DELIVERY/img WS_FTP.LOG
2025.11.07 10:22 B C:\xampp\htdocs\PROYECTO\DELIVERY\img\yape.jpg --> www.cepea8.net.pe /public_html/huaman/DELIVERY/img yape.jpg
