2025.10.15 18:23 B C:\xampp\htdocs\PROYECTO\KFC\scss\bootstrap\scss\_accordion.scss --> www.cepea8.net.pe /public_html/huaman/KFC/scss/bootstrap/scss _accordion.scss
2025.10.15 18:23 B C:\xampp\htdocs\PROYECTO\KFC\scss\bootstrap\scss\_alert.scss --> www.cepea8.net.pe /public_html/huaman/KFC/scss/bootstrap/scss _alert.scss
2025.10.15 18:23 B C:\xampp\htdocs\PROYECTO\KFC\scss\bootstrap\scss\_badge.scss --> www.cepea8.net.pe /public_html/huaman/KFC/scss/bootstrap/scss _badge.scss
2025.10.15 18:23 B C:\xampp\htdocs\PROYECTO\KFC\scss\bootstrap\scss\_breadcrumb.scss --> www.cepea8.net.pe /public_html/huaman/KFC/scss/bootstrap/scss _breadcrumb.scss
2025.10.15 18:23 B C:\xampp\htdocs\PROYECTO\KFC\scss\bootstrap\scss\_button-group.scss --> www.cepea8.net.pe /public_html/huaman/KFC/scss/bootstrap/scss _button-group.scss
2025.10.15 18:23 B C:\xampp\htdocs\PROYECTO\KFC\scss\bootstrap\scss\_buttons.scss --> www.cepea8.net.pe /public_html/huaman/KFC/scss/bootstrap/scss _buttons.scss
2025.10.15 18:23 B C:\xampp\htdocs\PROYECTO\KFC\scss\bootstrap\scss\_card.scss --> www.cepea8.net.pe /public_html/huaman/KFC/scss/bootstrap/scss _card.scss
2025.10.15 18:23 B C:\xampp\htdocs\PROYECTO\KFC\scss\bootstrap\scss\_carousel.scss --> www.cepea8.net.pe /public_html/huaman/KFC/scss/bootstrap/scss _carousel.scss
2025.10.15 18:23 B C:\xampp\htdocs\PROYECTO\KFC\scss\bootstrap\scss\_close.scss --> www.cepea8.net.pe /public_html/huaman/KFC/scss/bootstrap/scss _close.scss
2025.10.15 18:23 B C:\xampp\htdocs\PROYECTO\KFC\scss\bootstrap\scss\_containers.scss --> www.cepea8.net.pe /public_html/huaman/KFC/scss/bootstrap/scss _containers.scss
2025.10.15 18:23 B C:\xampp\htdocs\PROYECTO\KFC\scss\bootstrap\scss\_dropdown.scss --> www.cepea8.net.pe /public_html/huaman/KFC/scss/bootstrap/scss _dropdown.scss
2025.10.15 18:23 B C:\xampp\htdocs\PROYECTO\KFC\scss\bootstrap\scss\_forms.scss --> www.cepea8.net.pe /public_html/huaman/KFC/scss/bootstrap/scss _forms.scss
2025.10.15 18:23 B C:\xampp\htdocs\PROYECTO\KFC\scss\bootstrap\scss\_functions.scss --> www.cepea8.net.pe /public_html/huaman/KFC/scss/bootstrap/scss _functions.scss
2025.10.15 18:23 B C:\xampp\htdocs\PROYECTO\KFC\scss\bootstrap\scss\_grid.scss --> www.cepea8.net.pe /public_html/huaman/KFC/scss/bootstrap/scss _grid.scss
2025.10.15 18:23 B C:\xampp\htdocs\PROYECTO\KFC\scss\bootstrap\scss\_helpers.scss --> www.cepea8.net.pe /public_html/huaman/KFC/scss/bootstrap/scss _helpers.scss
2025.10.15 18:23 B C:\xampp\htdocs\PROYECTO\KFC\scss\bootstrap\scss\_images.scss --> www.cepea8.net.pe /public_html/huaman/KFC/scss/bootstrap/scss _images.scss
2025.10.15 18:23 B C:\xampp\htdocs\PROYECTO\KFC\scss\bootstrap\scss\_list-group.scss --> www.cepea8.net.pe /public_html/huaman/KFC/scss/bootstrap/scss _list-group.scss
2025.10.15 18:23 B C:\xampp\htdocs\PROYECTO\KFC\scss\bootstrap\scss\_mixins.scss --> www.cepea8.net.pe /public_html/huaman/KFC/scss/bootstrap/scss _mixins.scss
2025.10.15 18:23 B C:\xampp\htdocs\PROYECTO\KFC\scss\bootstrap\scss\_modal.scss --> www.cepea8.net.pe /public_html/huaman/KFC/scss/bootstrap/scss _modal.scss
2025.10.15 18:23 B C:\xampp\htdocs\PROYECTO\KFC\scss\bootstrap\scss\_nav.scss --> www.cepea8.net.pe /public_html/huaman/KFC/scss/bootstrap/scss _nav.scss
2025.10.15 18:23 B C:\xampp\htdocs\PROYECTO\KFC\scss\bootstrap\scss\_navbar.scss --> www.cepea8.net.pe /public_html/huaman/KFC/scss/bootstrap/scss _navbar.scss
2025.10.15 18:23 B C:\xampp\htdocs\PROYECTO\KFC\scss\bootstrap\scss\_offcanvas.scss --> www.cepea8.net.pe /public_html/huaman/KFC/scss/bootstrap/scss _offcanvas.scss
2025.10.15 18:23 B C:\xampp\htdocs\PROYECTO\KFC\scss\bootstrap\scss\_pagination.scss --> www.cepea8.net.pe /public_html/huaman/KFC/scss/bootstrap/scss _pagination.scss
2025.10.15 18:23 B C:\xampp\htdocs\PROYECTO\KFC\scss\bootstrap\scss\_popover.scss --> www.cepea8.net.pe /public_html/huaman/KFC/scss/bootstrap/scss _popover.scss
2025.10.15 18:23 B C:\xampp\htdocs\PROYECTO\KFC\scss\bootstrap\scss\_progress.scss --> www.cepea8.net.pe /public_html/huaman/KFC/scss/bootstrap/scss _progress.scss
2025.10.15 18:23 B C:\xampp\htdocs\PROYECTO\KFC\scss\bootstrap\scss\_reboot.scss --> www.cepea8.net.pe /public_html/huaman/KFC/scss/bootstrap/scss _reboot.scss
2025.10.15 18:23 B C:\xampp\htdocs\PROYECTO\KFC\scss\bootstrap\scss\_root.scss --> www.cepea8.net.pe /public_html/huaman/KFC/scss/bootstrap/scss _root.scss
2025.10.15 18:23 B C:\xampp\htdocs\PROYECTO\KFC\scss\bootstrap\scss\_spinners.scss --> www.cepea8.net.pe /public_html/huaman/KFC/scss/bootstrap/scss _spinners.scss
2025.10.15 18:23 B C:\xampp\htdocs\PROYECTO\KFC\scss\bootstrap\scss\_tables.scss --> www.cepea8.net.pe /public_html/huaman/KFC/scss/bootstrap/scss _tables.scss
2025.10.15 18:23 B C:\xampp\htdocs\PROYECTO\KFC\scss\bootstrap\scss\_toasts.scss --> www.cepea8.net.pe /public_html/huaman/KFC/scss/bootstrap/scss _toasts.scss
2025.10.15 18:23 B C:\xampp\htdocs\PROYECTO\KFC\scss\bootstrap\scss\_tooltip.scss --> www.cepea8.net.pe /public_html/huaman/KFC/scss/bootstrap/scss _tooltip.scss
2025.10.15 18:23 B C:\xampp\htdocs\PROYECTO\KFC\scss\bootstrap\scss\_transitions.scss --> www.cepea8.net.pe /public_html/huaman/KFC/scss/bootstrap/scss _transitions.scss
2025.10.15 18:23 B C:\xampp\htdocs\PROYECTO\KFC\scss\bootstrap\scss\_type.scss --> www.cepea8.net.pe /public_html/huaman/KFC/scss/bootstrap/scss _type.scss
2025.10.15 18:23 B C:\xampp\htdocs\PROYECTO\KFC\scss\bootstrap\scss\_utilities.scss --> www.cepea8.net.pe /public_html/huaman/KFC/scss/bootstrap/scss _utilities.scss
2025.10.15 18:23 B C:\xampp\htdocs\PROYECTO\KFC\scss\bootstrap\scss\_variables.scss --> www.cepea8.net.pe /public_html/huaman/KFC/scss/bootstrap/scss _variables.scss
2025.10.15 18:23 B C:\xampp\htdocs\PROYECTO\KFC\scss\bootstrap\scss\bootstrap-grid.scss --> www.cepea8.net.pe /public_html/huaman/KFC/scss/bootstrap/scss bootstrap-grid.scss
2025.10.15 18:23 B C:\xampp\htdocs\PROYECTO\KFC\scss\bootstrap\scss\bootstrap-reboot.scss --> www.cepea8.net.pe /public_html/huaman/KFC/scss/bootstrap/scss bootstrap-reboot.scss
2025.10.15 18:23 B C:\xampp\htdocs\PROYECTO\KFC\scss\bootstrap\scss\bootstrap-utilities.scss --> www.cepea8.net.pe /public_html/huaman/KFC/scss/bootstrap/scss bootstrap-utilities.scss
2025.10.15 18:23 B C:\xampp\htdocs\PROYECTO\KFC\scss\bootstrap\scss\bootstrap.scss --> www.cepea8.net.pe /public_html/huaman/KFC/scss/bootstrap/scss bootstrap.scss
2025.11.07 10:23 B C:\xampp\htdocs\PROYECTO\DELIVERY\scss\bootstrap\scss\_accordion.scss --> www.cepea8.net.pe /public_html/huaman/DELIVERY/scss/bootstrap/scss _accordion.scss
2025.11.07 10:23 B C:\xampp\htdocs\PROYECTO\DELIVERY\scss\bootstrap\scss\_alert.scss --> www.cepea8.net.pe /public_html/huaman/DELIVERY/scss/bootstrap/scss _alert.scss
2025.11.07 10:23 B C:\xampp\htdocs\PROYECTO\DELIVERY\scss\bootstrap\scss\_badge.scss --> www.cepea8.net.pe /public_html/huaman/DELIVERY/scss/bootstrap/scss _badge.scss
2025.11.07 10:23 B C:\xampp\htdocs\PROYECTO\DELIVERY\scss\bootstrap\scss\_breadcrumb.scss --> www.cepea8.net.pe /public_html/huaman/DELIVERY/scss/bootstrap/scss _breadcrumb.scss
2025.11.07 10:23 B C:\xampp\htdocs\PROYECTO\DELIVERY\scss\bootstrap\scss\_button-group.scss --> www.cepea8.net.pe /public_html/huaman/DELIVERY/scss/bootstrap/scss _button-group.scss
2025.11.07 10:23 B C:\xampp\htdocs\PROYECTO\DELIVERY\scss\bootstrap\scss\_buttons.scss --> www.cepea8.net.pe /public_html/huaman/DELIVERY/scss/bootstrap/scss _buttons.scss
2025.11.07 10:23 B C:\xampp\htdocs\PROYECTO\DELIVERY\scss\bootstrap\scss\_card.scss --> www.cepea8.net.pe /public_html/huaman/DELIVERY/scss/bootstrap/scss _card.scss
2025.11.07 10:23 B C:\xampp\htdocs\PROYECTO\DELIVERY\scss\bootstrap\scss\_carousel.scss --> www.cepea8.net.pe /public_html/huaman/DELIVERY/scss/bootstrap/scss _carousel.scss
2025.11.07 10:23 B C:\xampp\htdocs\PROYECTO\DELIVERY\scss\bootstrap\scss\_close.scss --> www.cepea8.net.pe /public_html/huaman/DELIVERY/scss/bootstrap/scss _close.scss
2025.11.07 10:23 B C:\xampp\htdocs\PROYECTO\DELIVERY\scss\bootstrap\scss\_containers.scss --> www.cepea8.net.pe /public_html/huaman/DELIVERY/scss/bootstrap/scss _containers.scss
2025.11.07 10:23 B C:\xampp\htdocs\PROYECTO\DELIVERY\scss\bootstrap\scss\_dropdown.scss --> www.cepea8.net.pe /public_html/huaman/DELIVERY/scss/bootstrap/scss _dropdown.scss
2025.11.07 10:23 B C:\xampp\htdocs\PROYECTO\DELIVERY\scss\bootstrap\scss\_forms.scss --> www.cepea8.net.pe /public_html/huaman/DELIVERY/scss/bootstrap/scss _forms.scss
2025.11.07 10:23 B C:\xampp\htdocs\PROYECTO\DELIVERY\scss\bootstrap\scss\_functions.scss --> www.cepea8.net.pe /public_html/huaman/DELIVERY/scss/bootstrap/scss _functions.scss
2025.11.07 10:23 B C:\xampp\htdocs\PROYECTO\DELIVERY\scss\bootstrap\scss\_grid.scss --> www.cepea8.net.pe /public_html/huaman/DELIVERY/scss/bootstrap/scss _grid.scss
2025.11.07 10:23 B C:\xampp\htdocs\PROYECTO\DELIVERY\scss\bootstrap\scss\_helpers.scss --> www.cepea8.net.pe /public_html/huaman/DELIVERY/scss/bootstrap/scss _helpers.scss
2025.11.07 10:23 B C:\xampp\htdocs\PROYECTO\DELIVERY\scss\bootstrap\scss\_images.scss --> www.cepea8.net.pe /public_html/huaman/DELIVERY/scss/bootstrap/scss _images.scss
2025.11.07 10:23 B C:\xampp\htdocs\PROYECTO\DELIVERY\scss\bootstrap\scss\_list-group.scss --> www.cepea8.net.pe /public_html/huaman/DELIVERY/scss/bootstrap/scss _list-group.scss
2025.11.07 10:23 B C:\xampp\htdocs\PROYECTO\DELIVERY\scss\bootstrap\scss\_mixins.scss --> www.cepea8.net.pe /public_html/huaman/DELIVERY/scss/bootstrap/scss _mixins.scss
2025.11.07 10:23 B C:\xampp\htdocs\PROYECTO\DELIVERY\scss\bootstrap\scss\_modal.scss --> www.cepea8.net.pe /public_html/huaman/DELIVERY/scss/bootstrap/scss _modal.scss
2025.11.07 10:23 B C:\xampp\htdocs\PROYECTO\DELIVERY\scss\bootstrap\scss\_nav.scss --> www.cepea8.net.pe /public_html/huaman/DELIVERY/scss/bootstrap/scss _nav.scss
2025.11.07 10:23 B C:\xampp\htdocs\PROYECTO\DELIVERY\scss\bootstrap\scss\_navbar.scss --> www.cepea8.net.pe /public_html/huaman/DELIVERY/scss/bootstrap/scss _navbar.scss
2025.11.07 10:23 B C:\xampp\htdocs\PROYECTO\DELIVERY\scss\bootstrap\scss\_offcanvas.scss --> www.cepea8.net.pe /public_html/huaman/DELIVERY/scss/bootstrap/scss _offcanvas.scss
2025.11.07 10:23 B C:\xampp\htdocs\PROYECTO\DELIVERY\scss\bootstrap\scss\_pagination.scss --> www.cepea8.net.pe /public_html/huaman/DELIVERY/scss/bootstrap/scss _pagination.scss
2025.11.07 10:23 B C:\xampp\htdocs\PROYECTO\DELIVERY\scss\bootstrap\scss\_popover.scss --> www.cepea8.net.pe /public_html/huaman/DELIVERY/scss/bootstrap/scss _popover.scss
2025.11.07 10:23 B C:\xampp\htdocs\PROYECTO\DELIVERY\scss\bootstrap\scss\_progress.scss --> www.cepea8.net.pe /public_html/huaman/DELIVERY/scss/bootstrap/scss _progress.scss
2025.11.07 10:23 B C:\xampp\htdocs\PROYECTO\DELIVERY\scss\bootstrap\scss\_reboot.scss --> www.cepea8.net.pe /public_html/huaman/DELIVERY/scss/bootstrap/scss _reboot.scss
2025.11.07 10:23 B C:\xampp\htdocs\PROYECTO\DELIVERY\scss\bootstrap\scss\_root.scss --> www.cepea8.net.pe /public_html/huaman/DELIVERY/scss/bootstrap/scss _root.scss
2025.11.07 10:23 B C:\xampp\htdocs\PROYECTO\DELIVERY\scss\bootstrap\scss\_spinners.scss --> www.cepea8.net.pe /public_html/huaman/DELIVERY/scss/bootstrap/scss _spinners.scss
2025.11.07 10:23 B C:\xampp\htdocs\PROYECTO\DELIVERY\scss\bootstrap\scss\_tables.scss --> www.cepea8.net.pe /public_html/huaman/DELIVERY/scss/bootstrap/scss _tables.scss
2025.11.07 10:23 B C:\xampp\htdocs\PROYECTO\DELIVERY\scss\bootstrap\scss\_toasts.scss --> www.cepea8.net.pe /public_html/huaman/DELIVERY/scss/bootstrap/scss _toasts.scss
2025.11.07 10:23 B C:\xampp\htdocs\PROYECTO\DELIVERY\scss\bootstrap\scss\_tooltip.scss --> www.cepea8.net.pe /public_html/huaman/DELIVERY/scss/bootstrap/scss _tooltip.scss
2025.11.07 10:23 B C:\xampp\htdocs\PROYECTO\DELIVERY\scss\bootstrap\scss\_transitions.scss --> www.cepea8.net.pe /public_html/huaman/DELIVERY/scss/bootstrap/scss _transitions.scss
2025.11.07 10:23 B C:\xampp\htdocs\PROYECTO\DELIVERY\scss\bootstrap\scss\_type.scss --> www.cepea8.net.pe /public_html/huaman/DELIVERY/scss/bootstrap/scss _type.scss
2025.11.07 10:23 B C:\xampp\htdocs\PROYECTO\DELIVERY\scss\bootstrap\scss\_utilities.scss --> www.cepea8.net.pe /public_html/huaman/DELIVERY/scss/bootstrap/scss _utilities.scss
2025.11.07 10:23 B C:\xampp\htdocs\PROYECTO\DELIVERY\scss\bootstrap\scss\_variables.scss --> www.cepea8.net.pe /public_html/huaman/DELIVERY/scss/bootstrap/scss _variables.scss
2025.11.07 10:23 B C:\xampp\htdocs\PROYECTO\DELIVERY\scss\bootstrap\scss\bootstrap-grid.scss --> www.cepea8.net.pe /public_html/huaman/DELIVERY/scss/bootstrap/scss bootstrap-grid.scss
2025.11.07 10:23 B C:\xampp\htdocs\PROYECTO\DELIVERY\scss\bootstrap\scss\bootstrap-reboot.scss --> www.cepea8.net.pe /public_html/huaman/DELIVERY/scss/bootstrap/scss bootstrap-reboot.scss
2025.11.07 10:23 B C:\xampp\htdocs\PROYECTO\DELIVERY\scss\bootstrap\scss\bootstrap-utilities.scss --> www.cepea8.net.pe /public_html/huaman/DELIVERY/scss/bootstrap/scss bootstrap-utilities.scss
2025.11.07 10:23 B C:\xampp\htdocs\PROYECTO\DELIVERY\scss\bootstrap\scss\bootstrap.scss --> www.cepea8.net.pe /public_html/huaman/DELIVERY/scss/bootstrap/scss bootstrap.scss
2025.11.07 10:23 B C:\xampp\htdocs\PROYECTO\DELIVERY\scss\bootstrap\scss\WS_FTP.LOG --> www.cepea8.net.pe /public_html/huaman/DELIVERY/scss/bootstrap/scss WS_FTP.LOG
