2025.10.15 18:23 B C:\xampp\htdocs\PROYECTO\KFC\about.html --> www.cepea8.net.pe /public_html/huaman/KFC about.html
2025.10.15 18:23 B C:\xampp\htdocs\PROYECTO\KFC\cake-shop-website-template.jpg --> www.cepea8.net.pe /public_html/huaman/KFC cake-shop-website-template.jpg
2025.10.15 18:23 B C:\xampp\htdocs\PROYECTO\KFC\comprobante.php --> www.cepea8.net.pe /public_html/huaman/KFC comprobante.php
2025.10.15 18:23 B C:\xampp\htdocs\PROYECTO\KFC\comprobante.php.bak --> www.cepea8.net.pe /public_html/huaman/KFC comprobante.php.bak
2025.10.15 18:23 B C:\xampp\htdocs\PROYECTO\KFC\contact.html --> www.cepea8.net.pe /public_html/huaman/KFC contact.html
2025.10.15 18:23 B C:\xampp\htdocs\PROYECTO\KFC\deli.php --> www.cepea8.net.pe /public_html/huaman/KFC deli.php
2025.10.15 18:23 B C:\xampp\htdocs\PROYECTO\KFC\deli.php.bak --> www.cepea8.net.pe /public_html/huaman/KFC deli.php.bak
2025.10.15 18:23 B C:\xampp\htdocs\PROYECTO\KFC\index.html --> www.cepea8.net.pe /public_html/huaman/KFC index.html
2025.10.15 18:23 B C:\xampp\htdocs\PROYECTO\KFC\index.html.bak --> www.cepea8.net.pe /public_html/huaman/KFC index.html.bak
2025.10.15 18:23 B C:\xampp\htdocs\PROYECTO\KFC\LICENSE.txt --> www.cepea8.net.pe /public_html/huaman/KFC LICENSE.txt
2025.10.15 18:23 B C:\xampp\htdocs\PROYECTO\KFC\menu.html --> www.cepea8.net.pe /public_html/huaman/KFC menu.html
2025.10.15 18:23 B C:\xampp\htdocs\PROYECTO\KFC\pedido_confirmar.php --> www.cepea8.net.pe /public_html/huaman/KFC pedido_confirmar.php
2025.10.15 18:23 B C:\xampp\htdocs\PROYECTO\KFC\pedido_confirmar.php.bak --> www.cepea8.net.pe /public_html/huaman/KFC pedido_confirmar.php.bak
2025.10.15 18:23 B C:\xampp\htdocs\PROYECTO\KFC\READ-ME.txt --> www.cepea8.net.pe /public_html/huaman/KFC READ-ME.txt
2025.10.15 18:23 B C:\xampp\htdocs\PROYECTO\KFC\service.html --> www.cepea8.net.pe /public_html/huaman/KFC service.html
2025.10.15 18:23 B C:\xampp\htdocs\PROYECTO\KFC\team.html --> www.cepea8.net.pe /public_html/huaman/KFC team.html
2025.10.15 18:23 B C:\xampp\htdocs\PROYECTO\KFC\testimonial.html --> www.cepea8.net.pe /public_html/huaman/KFC testimonial.html
2025.11.07 10:23 B C:\xampp\htdocs\PROYECTO\DELIVERY\about.html --> www.cepea8.net.pe /public_html/huaman/DELIVERY about.html
2025.11.07 10:23 B C:\xampp\htdocs\PROYECTO\DELIVERY\cake-shop-website-template.jpg --> www.cepea8.net.pe /public_html/huaman/DELIVERY cake-shop-website-template.jpg
2025.11.07 10:23 B C:\xampp\htdocs\PROYECTO\DELIVERY\comprobante.php --> www.cepea8.net.pe /public_html/huaman/DELIVERY comprobante.php
2025.11.07 10:23 B C:\xampp\htdocs\PROYECTO\DELIVERY\comprobante.php.bak --> www.cepea8.net.pe /public_html/huaman/DELIVERY comprobante.php.bak
2025.11.07 10:23 B C:\xampp\htdocs\PROYECTO\DELIVERY\consultas.php --> www.cepea8.net.pe /public_html/huaman/DELIVERY consultas.php
2025.11.07 10:23 B C:\xampp\htdocs\PROYECTO\DELIVERY\consultas.php.bak --> www.cepea8.net.pe /public_html/huaman/DELIVERY consultas.php.bak
2025.11.07 10:23 B C:\xampp\htdocs\PROYECTO\DELIVERY\contact.html --> www.cepea8.net.pe /public_html/huaman/DELIVERY contact.html
2025.11.07 10:24 B C:\xampp\htdocs\PROYECTO\DELIVERY\deli.php --> www.cepea8.net.pe /public_html/huaman/DELIVERY deli.php
2025.11.07 10:24 B C:\xampp\htdocs\PROYECTO\DELIVERY\deli.php.bak --> www.cepea8.net.pe /public_html/huaman/DELIVERY deli.php.bak
2025.11.07 10:24 B C:\xampp\htdocs\PROYECTO\DELIVERY\delivery_estado.php --> www.cepea8.net.pe /public_html/huaman/DELIVERY delivery_estado.php
2025.11.07 10:24 B C:\xampp\htdocs\PROYECTO\DELIVERY\delivery_estado.php.bak --> www.cepea8.net.pe /public_html/huaman/DELIVERY delivery_estado.php.bak
2025.11.07 10:24 B C:\xampp\htdocs\PROYECTO\DELIVERY\estado_repartidores.php --> www.cepea8.net.pe /public_html/huaman/DELIVERY estado_repartidores.php
2025.11.07 10:24 B C:\xampp\htdocs\PROYECTO\DELIVERY\estado_repartidores.php.bak --> www.cepea8.net.pe /public_html/huaman/DELIVERY estado_repartidores.php.bak
2025.11.07 10:24 B C:\xampp\htdocs\PROYECTO\DELIVERY\guardar_calificacion.php --> www.cepea8.net.pe /public_html/huaman/DELIVERY guardar_calificacion.php
2025.11.07 10:24 B C:\xampp\htdocs\PROYECTO\DELIVERY\guardar_calificacion.php.bak --> www.cepea8.net.pe /public_html/huaman/DELIVERY guardar_calificacion.php.bak
2025.11.07 10:24 B C:\xampp\htdocs\PROYECTO\DELIVERY\guardar_pedido.php --> www.cepea8.net.pe /public_html/huaman/DELIVERY guardar_pedido.php
2025.11.07 10:24 B C:\xampp\htdocs\PROYECTO\DELIVERY\guardar_pedido.php.bak --> www.cepea8.net.pe /public_html/huaman/DELIVERY guardar_pedido.php.bak
2025.11.07 10:24 B C:\xampp\htdocs\PROYECTO\DELIVERY\guardar_promocion.php --> www.cepea8.net.pe /public_html/huaman/DELIVERY guardar_promocion.php
2025.11.07 10:24 B C:\xampp\htdocs\PROYECTO\DELIVERY\guardar_promocion.php.bak --> www.cepea8.net.pe /public_html/huaman/DELIVERY guardar_promocion.php.bak
2025.11.07 10:24 B C:\xampp\htdocs\PROYECTO\DELIVERY\guardar_promocion.txt --> www.cepea8.net.pe /public_html/huaman/DELIVERY guardar_promocion.txt
2025.11.07 10:24 B C:\xampp\htdocs\PROYECTO\DELIVERY\guardar_repartidor.php --> www.cepea8.net.pe /public_html/huaman/DELIVERY guardar_repartidor.php
2025.11.07 10:24 B C:\xampp\htdocs\PROYECTO\DELIVERY\guardar_repartidor.php.bak --> www.cepea8.net.pe /public_html/huaman/DELIVERY guardar_repartidor.php.bak
2025.11.07 10:24 B C:\xampp\htdocs\PROYECTO\DELIVERY\index.html --> www.cepea8.net.pe /public_html/huaman/DELIVERY index.html
2025.11.07 10:24 B C:\xampp\htdocs\PROYECTO\DELIVERY\index.html.bak --> www.cepea8.net.pe /public_html/huaman/DELIVERY index.html.bak
2025.11.07 10:24 B C:\xampp\htdocs\PROYECTO\DELIVERY\index.php --> www.cepea8.net.pe /public_html/huaman/DELIVERY index.php
2025.11.07 10:24 B C:\xampp\htdocs\PROYECTO\DELIVERY\index.php.bak --> www.cepea8.net.pe /public_html/huaman/DELIVERY index.php.bak
2025.11.07 10:24 B C:\xampp\htdocs\PROYECTO\DELIVERY\indexx.html.bak --> www.cepea8.net.pe /public_html/huaman/DELIVERY indexx.html.bak
2025.11.07 10:24 B C:\xampp\htdocs\PROYECTO\DELIVERY\LICENSE.txt --> www.cepea8.net.pe /public_html/huaman/DELIVERY LICENSE.txt
2025.11.07 10:24 B C:\xampp\htdocs\PROYECTO\DELIVERY\logout.php --> www.cepea8.net.pe /public_html/huaman/DELIVERY logout.php
2025.11.07 10:24 B C:\xampp\htdocs\PROYECTO\DELIVERY\logout.php.bak --> www.cepea8.net.pe /public_html/huaman/DELIVERY logout.php.bak
2025.11.07 10:24 B C:\xampp\htdocs\PROYECTO\DELIVERY\menu.html --> www.cepea8.net.pe /public_html/huaman/DELIVERY menu.html
2025.11.07 10:24 B C:\xampp\htdocs\PROYECTO\DELIVERY\pedido_confirmar.php --> www.cepea8.net.pe /public_html/huaman/DELIVERY pedido_confirmar.php
2025.11.07 10:24 B C:\xampp\htdocs\PROYECTO\DELIVERY\pedido_confirmar.php.bak --> www.cepea8.net.pe /public_html/huaman/DELIVERY pedido_confirmar.php.bak
2025.11.07 10:24 B C:\xampp\htdocs\PROYECTO\DELIVERY\promo.php --> www.cepea8.net.pe /public_html/huaman/DELIVERY promo.php
2025.11.07 10:24 B C:\xampp\htdocs\PROYECTO\DELIVERY\promo.php.bak --> www.cepea8.net.pe /public_html/huaman/DELIVERY promo.php.bak
2025.11.07 10:24 B C:\xampp\htdocs\PROYECTO\DELIVERY\READ-ME.txt --> www.cepea8.net.pe /public_html/huaman/DELIVERY READ-ME.txt
2025.11.07 10:24 B C:\xampp\htdocs\PROYECTO\DELIVERY\repartidores_modal.php --> www.cepea8.net.pe /public_html/huaman/DELIVERY repartidores_modal.php
2025.11.07 10:24 B C:\xampp\htdocs\PROYECTO\DELIVERY\repartidores_modal.php.bak --> www.cepea8.net.pe /public_html/huaman/DELIVERY repartidores_modal.php.bak
2025.11.07 10:24 B C:\xampp\htdocs\PROYECTO\DELIVERY\service.html --> www.cepea8.net.pe /public_html/huaman/DELIVERY service.html
2025.11.07 10:24 B C:\xampp\htdocs\PROYECTO\DELIVERY\team.html --> www.cepea8.net.pe /public_html/huaman/DELIVERY team.html
2025.11.07 10:24 B C:\xampp\htdocs\PROYECTO\DELIVERY\testimonial.html --> www.cepea8.net.pe /public_html/huaman/DELIVERY testimonial.html
2025.11.07 10:24 B C:\xampp\htdocs\PROYECTO\DELIVERY\ver_delivery.php --> www.cepea8.net.pe /public_html/huaman/DELIVERY ver_delivery.php
2025.11.07 10:24 B C:\xampp\htdocs\PROYECTO\DELIVERY\ver_delivery.php.bak --> www.cepea8.net.pe /public_html/huaman/DELIVERY ver_delivery.php.bak
2025.11.07 10:24 B C:\xampp\htdocs\PROYECTO\DELIVERY\ver_ordenes_delivery.php --> www.cepea8.net.pe /public_html/huaman/DELIVERY ver_ordenes_delivery.php
2025.11.07 10:24 B C:\xampp\htdocs\PROYECTO\DELIVERY\ver_repartidor.php --> www.cepea8.net.pe /public_html/huaman/DELIVERY ver_repartidor.php
2025.11.07 10:24 B C:\xampp\htdocs\PROYECTO\DELIVERY\ver_repartidor.php.bak --> www.cepea8.net.pe /public_html/huaman/DELIVERY ver_repartidor.php.bak
2025.11.07 10:24 B C:\xampp\htdocs\PROYECTO\DELIVERY\verificar_dni.php --> www.cepea8.net.pe /public_html/huaman/DELIVERY verificar_dni.php
2025.11.07 10:24 B C:\xampp\htdocs\PROYECTO\DELIVERY\verificar_dni.php.bak --> www.cepea8.net.pe /public_html/huaman/DELIVERY verificar_dni.php.bak
2025.11.07 10:24 B C:\xampp\htdocs\PROYECTO\DELIVERY\WS_FTP.LOG --> www.cepea8.net.pe /public_html/huaman/DELIVERY WS_FTP.LOG
